<?xml version="1.0" encoding="UTF-8"?>
<testsuite name="CategoryTest" tests="8" skipped="0" failures="0" errors="0" timestamp="2015-08-31T00:11:11" hostname="fisterra" time="0.223">
  <properties/>
  <testcase name="delete_deletesCategoryAndListAssociations" classname="CategoryTest" time="0.07"/>
  <testcase name="getTasks_returnsAllTasks_List" classname="CategoryTest" time="0.038"/>
  <testcase name="all_emptyAtFirst" classname="CategoryTest" time="0.012"/>
  <testcase name="equals_returnsTrueIfNamesAreTheSame" classname="CategoryTest" time="0.006"/>
  <testcase name="update_changesCategoryNameInDatabase_true" classname="CategoryTest" time="0.026"/>
  <testcase name="save_savesIntoDatabase_true" classname="CategoryTest" time="0.018"/>
  <testcase name="find_findsCategoryInDatabase_true" classname="CategoryTest" time="0.019"/>
  <testcase name="addTask_addsTaskToCategory_true" classname="CategoryTest" time="0.033"/>
  <system-out><![CDATA[]]></system-out>
  <system-err><![CDATA[]]></system-err>
</testsuite>
